<?xml version="1.0" encoding="UTF-8"?>
<!-- Generated by org.testng.reporters.JUnitReportReporter -->
<testsuite skipped="0" hostname="DESKTOP-EFO36VT" name="com.hrm.testCases.LoginTest" tests="1" failures="0" timestamp="10 Apr 2021 05:53:06 GMT" time="12.271" errors="0">
  <testcase name="validateLoginPage" time="12.271" classname="com.hrm.testCases.LoginTest"/>
</testsuite> <!-- com.hrm.testCases.LoginTest -->
